<?xml version="1.0" encoding="UTF-8"?>
<testng-results retried="1" ignored="0" total="12" passed="11" failed="0" skipped="0">
  <reporter-output>
  </reporter-output>
  <suite started-at="2025-09-01T15:22:19 IST" name="Suite" finished-at="2025-09-01T15:26:42 IST" duration-ms="262481">
    <groups>
      <group name="cucumber">
        <method signature="AbstractTestNGCucumberTests.runScenario(io.cucumber.testng.PickleWrapper,io.cucumber.testng.FeatureWrapper)[pri:0, instance:com.emt.runners.TestRunner@452e19ca]" name="runScenario" class="io.cucumber.testng.AbstractTestNGCucumberTests"/>
        <method signature="AbstractTestNGCucumberTests.runScenario(io.cucumber.testng.PickleWrapper,io.cucumber.testng.FeatureWrapper)[pri:0, instance:com.emt.runners.TestRunner@4ea5b703]" name="runScenario" class="io.cucumber.testng.AbstractTestNGCucumberTests"/>
      </group> <!-- cucumber -->
    </groups>
    <test started-at="2025-09-01T15:22:19 IST" name="Edge" finished-at="2025-09-01T15:26:36 IST" duration-ms="256406">
      <class name="com.emt.runners.TestRunner">
        <test-method is-config="true" signature="setUpClass(org.testng.ITestContext)[pri:0, instance:com.emt.runners.TestRunner@452e19ca]" started-at="2025-09-01T15:22:19 IST" name="setUpClass" finished-at="2025-09-01T15:22:37 IST" duration-ms="17738" status="PASS">
          <params>
            <param index="0">
              <value>
                <![CDATA[org.testng.TestRunner@59509393]]>
              </value>
            </param>
          </params>
          <reporter-output>
          </reporter-output>
        </test-method> <!-- setUpClass -->
        <test-method signature="runScenario(io.cucumber.testng.PickleWrapper,io.cucumber.testng.FeatureWrapper)[pri:0, instance:com.emt.runners.TestRunner@452e19ca]" started-at="2025-09-01T15:22:37 IST" name="runScenario" description="Runs Cucumber Scenarios" data-provider="scenarios" finished-at="2025-09-01T15:23:01 IST" duration-ms="24523" status="PASS">
          <params>
            <param index="0">
              <value>
                <![CDATA["Cab booking with Excel data for Airport Pickup and Drop"]]>
              </value>
            </param>
            <param index="1">
              <value>
                <![CDATA["Searching for Airport Cab details in EaseMyTrip Website"]]>
              </value>
            </param>
          </params>
          <reporter-output>
          </reporter-output>
        </test-method> <!-- runScenario -->
        <test-method retried="true" signature="runScenario(io.cucumber.testng.PickleWrapper,io.cucumber.testng.FeatureWrapper)[pri:0, instance:com.emt.runners.TestRunner@452e19ca]" started-at="2025-09-01T15:23:01 IST" name="runScenario" description="Runs Cucumber Scenarios" data-provider="scenarios" finished-at="2025-09-01T15:23:25 IST" duration-ms="23763" status="SKIP">
          <params>
            <param index="0">
              <value>
                <![CDATA["Cab booking with Excel data for Airport Pickup and Drop"]]>
              </value>
            </param>
            <param index="1">
              <value>
                <![CDATA["Searching for Airport Cab details in EaseMyTrip Website"]]>
              </value>
            </param>
          </params>
          <exception class="org.openqa.selenium.ElementNotInteractableException">
            <message>
              <![CDATA[element not interactable
  (Session info: MicrosoftEdge=139.0.3405.119)
Build info: version: '4.32.0', revision: 'd17c8aa950'
System info: os.name: 'Windows 11', os.arch: 'amd64', os.version: '10.0', java.version: '21.0.6'
Driver info: org.openqa.selenium.edge.EdgeDriver
Command: [2ab18285b242c540958c4f6c5dbf8bcc, clickElement {id=f.3252C4B2B16BC5DE4B07996DAFFEB5B6.d.F78D7AA5C0997947308399D906DACBCA.e.812}]
Capabilities {acceptInsecureCerts: false, browserName: MicrosoftEdge, browserVersion: 139.0.3405.119, fedcm:accounts: true, ms:edgeOptions: {debuggerAddress: localhost:56666}, msedge: {msedgedriverVersion: 139.0.3405.119 (c935b48ca94..., userDataDir: C:\Users\2421255\AppData\Lo...}, networkConnectionEnabled: false, pageLoadStrategy: normal, platformName: windows, proxy: Proxy(), se:cdp: ws://localhost:56666/devtoo..., se:cdpVersion: 139.0.3405.119, setWindowRect: true, strictFileInteractability: false, timeouts: {implicit: 0, pageLoad: 300000, script: 30000}, unhandledPromptBehavior: dismiss and notify, webauthn:extension:credBlob: true, webauthn:extension:largeBlob: true, webauthn:extension:minPinLength: true, webauthn:extension:prf: true, webauthn:virtualAuthenticators: true}
Element: [[EdgeDriver: MicrosoftEdge on windows (2ab18285b242c540958c4f6c5dbf8bcc)] -> xpath: //label[@for='pm']]
Session ID: 2ab18285b242c540958c4f6c5dbf8bcc]]>
            </message>
            <full-stacktrace>
              <![CDATA[org.openqa.selenium.ElementNotInteractableException: element not interactable
  (Session info: MicrosoftEdge=139.0.3405.119)
Build info: version: '4.32.0', revision: 'd17c8aa950'
System info: os.name: 'Windows 11', os.arch: 'amd64', os.version: '10.0', java.version: '21.0.6'
Driver info: org.openqa.selenium.edge.EdgeDriver
Command: [2ab18285b242c540958c4f6c5dbf8bcc, clickElement {id=f.3252C4B2B16BC5DE4B07996DAFFEB5B6.d.F78D7AA5C0997947308399D906DACBCA.e.812}]
Capabilities {acceptInsecureCerts: false, browserName: MicrosoftEdge, browserVersion: 139.0.3405.119, fedcm:accounts: true, ms:edgeOptions: {debuggerAddress: localhost:56666}, msedge: {msedgedriverVersion: 139.0.3405.119 (c935b48ca94..., userDataDir: C:\Users\2421255\AppData\Lo...}, networkConnectionEnabled: false, pageLoadStrategy: normal, platformName: windows, proxy: Proxy(), se:cdp: ws://localhost:56666/devtoo..., se:cdpVersion: 139.0.3405.119, setWindowRect: true, strictFileInteractability: false, timeouts: {implicit: 0, pageLoad: 300000, script: 30000}, unhandledPromptBehavior: dismiss and notify, webauthn:extension:credBlob: true, webauthn:extension:largeBlob: true, webauthn:extension:minPinLength: true, webauthn:extension:prf: true, webauthn:virtualAuthenticators: true}
Element: [[EdgeDriver: MicrosoftEdge on windows (2ab18285b242c540958c4f6c5dbf8bcc)] -> xpath: //label[@for='pm']]
Session ID: 2ab18285b242c540958c4f6c5dbf8bcc
at java.base/jdk.internal.reflect.DirectConstructorHandleAccessor.newInstance(DirectConstructorHandleAccessor.java:62)
at java.base/java.lang.reflect.Constructor.newInstanceWithCaller(Constructor.java:502)
at java.base/java.lang.reflect.Constructor.newInstance(Constructor.java:486)
at org.openqa.selenium.remote.ErrorCodec.decode(ErrorCodec.java:167)
at org.openqa.selenium.remote.codec.w3c.W3CHttpResponseCodec.decode(W3CHttpResponseCodec.java:138)
at org.openqa.selenium.remote.codec.w3c.W3CHttpResponseCodec.decode(W3CHttpResponseCodec.java:50)
at org.openqa.selenium.remote.HttpCommandExecutor.execute(HttpCommandExecutor.java:215)
at org.openqa.selenium.remote.service.DriverCommandExecutor.invokeExecute(DriverCommandExecutor.java:216)
at org.openqa.selenium.remote.service.DriverCommandExecutor.execute(DriverCommandExecutor.java:174)
at org.openqa.selenium.remote.RemoteWebDriver.execute(RemoteWebDriver.java:545)
at org.openqa.selenium.remote.RemoteWebElement.execute(RemoteWebElement.java:223)
at org.openqa.selenium.remote.RemoteWebElement.click(RemoteWebElement.java:76)
at java.base/jdk.internal.reflect.DirectMethodHandleAccessor.invoke(DirectMethodHandleAccessor.java:103)
at java.base/java.lang.reflect.Method.invoke(Method.java:580)
at org.openqa.selenium.support.pagefactory.internal.LocatingElementHandler.invoke(LocatingElementHandler.java:51)
at jdk.proxy2/jdk.proxy2.$Proxy44.click(Unknown Source)
at com.emt.pages.AirportCabPage.selectTime(AirportCabPage.java:266)
at com.emt.stepDefinitions.AirportStepDef.select_date_and_time(AirportStepDef.java:97)
at âœ½.the user selects the date and time(file:///C:/Users/2421255/Downloads/EaseMyTrip_Hackathon/./src/test/resources/features/01_AirportCabs.feature:9)
]]>
            </full-stacktrace>
          </exception> <!-- org.openqa.selenium.ElementNotInteractableException -->
          <reporter-output>
          </reporter-output>
        </test-method> <!-- runScenario -->
        <test-method signature="runScenario(io.cucumber.testng.PickleWrapper,io.cucumber.testng.FeatureWrapper)[pri:0, instance:com.emt.runners.TestRunner@452e19ca]" started-at="2025-09-01T15:23:25 IST" name="runScenario" description="Runs Cucumber Scenarios" data-provider="scenarios" finished-at="2025-09-01T15:23:44 IST" duration-ms="18330" status="PASS">
          <params>
            <param index="0">
              <value>
                <![CDATA["Cab booking with Excel data for Airport Pickup and Drop"]]>
              </value>
            </param>
            <param index="1">
              <value>
                <![CDATA["Searching for Airport Cab details in EaseMyTrip Website"]]>
              </value>
            </param>
          </params>
          <reporter-output>
          </reporter-output>
        </test-method> <!-- runScenario -->
        <test-method signature="runScenario(io.cucumber.testng.PickleWrapper,io.cucumber.testng.FeatureWrapper)[pri:0, instance:com.emt.runners.TestRunner@452e19ca]" started-at="2025-09-01T15:23:44 IST" name="runScenario" description="Runs Cucumber Scenarios" data-provider="scenarios" finished-at="2025-09-01T15:24:02 IST" duration-ms="18830" status="PASS">
          <params>
            <param index="0">
              <value>
                <![CDATA["Book Outstation with one-way trip"]]>
              </value>
            </param>
            <param index="1">
              <value>
                <![CDATA["Searching for Outstation Cab details on EaseMyTrip"]]>
              </value>
            </param>
          </params>
          <reporter-output>
          </reporter-output>
        </test-method> <!-- runScenario -->
        <test-method signature="runScenario(io.cucumber.testng.PickleWrapper,io.cucumber.testng.FeatureWrapper)[pri:0, instance:com.emt.runners.TestRunner@452e19ca]" started-at="2025-09-01T15:24:02 IST" name="runScenario" description="Runs Cucumber Scenarios" data-provider="scenarios" finished-at="2025-09-01T15:24:26 IST" duration-ms="23747" status="PASS">
          <params>
            <param index="0">
              <value>
                <![CDATA["Book Outstation for round-way trip"]]>
              </value>
            </param>
            <param index="1">
              <value>
                <![CDATA["Searching for Outstation Cab details on EaseMyTrip"]]>
              </value>
            </param>
          </params>
          <reporter-output>
          </reporter-output>
        </test-method> <!-- runScenario -->
        <test-method signature="runScenario(io.cucumber.testng.PickleWrapper,io.cucumber.testng.FeatureWrapper)[pri:0, instance:com.emt.runners.TestRunner@452e19ca]" started-at="2025-09-01T15:24:26 IST" name="runScenario" description="Runs Cucumber Scenarios" data-provider="scenarios" finished-at="2025-09-01T15:24:43 IST" duration-ms="16589" status="PASS">
          <params>
            <param index="0">
              <value>
                <![CDATA["Book hourly rental with time, date and SUV filter"]]>
              </value>
            </param>
            <param index="1">
              <value>
                <![CDATA["Searching for Hourly Cab details on EaseMyTrip"]]>
              </value>
            </param>
          </params>
          <reporter-output>
          </reporter-output>
        </test-method> <!-- runScenario -->
        <test-method signature="runScenario(io.cucumber.testng.PickleWrapper,io.cucumber.testng.FeatureWrapper)[pri:0, instance:com.emt.runners.TestRunner@452e19ca]" started-at="2025-09-01T15:24:43 IST" name="runScenario" description="Runs Cucumber Scenarios" data-provider="scenarios" finished-at="2025-09-01T15:24:50 IST" duration-ms="7341" status="PASS">
          <params>
            <param index="0">
              <value>
                <![CDATA["Validating field level functionality of City Text box"]]>
              </value>
            </param>
            <param index="1">
              <value>
                <![CDATA["Search Activities on EaseMyTrip"]]>
              </value>
            </param>
          </params>
          <reporter-output>
          </reporter-output>
        </test-method> <!-- runScenario -->
        <test-method signature="runScenario(io.cucumber.testng.PickleWrapper,io.cucumber.testng.FeatureWrapper)[pri:0, instance:com.emt.runners.TestRunner@452e19ca]" started-at="2025-09-01T15:24:50 IST" name="runScenario" description="Runs Cucumber Scenarios" data-provider="scenarios" finished-at="2025-09-01T15:25:18 IST" duration-ms="28220" status="PASS">
          <params>
            <param index="0">
              <value>
                <![CDATA["Selecting city, date and filtering day trips"]]>
              </value>
            </param>
            <param index="1">
              <value>
                <![CDATA["Search Activities on EaseMyTrip"]]>
              </value>
            </param>
          </params>
          <reporter-output>
          </reporter-output>
        </test-method> <!-- runScenario -->
        <test-method signature="runScenario(io.cucumber.testng.PickleWrapper,io.cucumber.testng.FeatureWrapper)[pri:0, instance:com.emt.runners.TestRunner@452e19ca]" started-at="2025-09-01T15:25:18 IST" name="runScenario" description="Runs Cucumber Scenarios" data-provider="scenarios" finished-at="2025-09-01T15:25:36 IST" duration-ms="17298" status="PASS">
          <params>
            <param index="0">
              <value>
                <![CDATA["Fetching the hotels available for filterd options"]]>
              </value>
            </param>
            <param index="1">
              <value>
                <![CDATA["Searching for Hotel details on EaseMyTrip"]]>
              </value>
            </param>
          </params>
          <reporter-output>
          </reporter-output>
        </test-method> <!-- runScenario -->
        <test-method signature="runScenario(io.cucumber.testng.PickleWrapper,io.cucumber.testng.FeatureWrapper)[pri:0, instance:com.emt.runners.TestRunner@452e19ca]" started-at="2025-09-01T15:25:36 IST" name="runScenario" description="Runs Cucumber Scenarios" data-provider="scenarios" finished-at="2025-09-01T15:25:51 IST" duration-ms="15309" status="PASS">
          <params>
            <param index="0">
              <value>
                <![CDATA["validating the giftcards by giving Email and Mobile Number"]]>
              </value>
            </param>
            <param index="1">
              <value>
                <![CDATA["Searching for Giftards details on EaseMyTrip"]]>
              </value>
            </param>
          </params>
          <reporter-output>
          </reporter-output>
        </test-method> <!-- runScenario -->
        <test-method signature="runScenario(io.cucumber.testng.PickleWrapper,io.cucumber.testng.FeatureWrapper)[pri:0, instance:com.emt.runners.TestRunner@452e19ca]" started-at="2025-09-01T15:25:51 IST" name="runScenario" description="Runs Cucumber Scenarios" data-provider="scenarios" finished-at="2025-09-01T15:26:06 IST" duration-ms="14737" status="PASS">
          <params>
            <param index="0">
              <value>
                <![CDATA["validating the giftcards by giving Email and Mobile Number"]]>
              </value>
            </param>
            <param index="1">
              <value>
                <![CDATA["Searching for Giftards details on EaseMyTrip"]]>
              </value>
            </param>
          </params>
          <reporter-output>
          </reporter-output>
        </test-method> <!-- runScenario -->
        <test-method signature="runScenario(io.cucumber.testng.PickleWrapper,io.cucumber.testng.FeatureWrapper)[pri:0, instance:com.emt.runners.TestRunner@452e19ca]" started-at="2025-09-01T15:26:06 IST" name="runScenario" description="Runs Cucumber Scenarios" data-provider="scenarios" finished-at="2025-09-01T15:26:24 IST" duration-ms="18181" status="PASS">
          <params>
            <param index="0">
              <value>
                <![CDATA["validating the giftcards by giving Email and Mobile Number"]]>
              </value>
            </param>
            <param index="1">
              <value>
                <![CDATA["Searching for Giftards details on EaseMyTrip"]]>
              </value>
            </param>
          </params>
          <reporter-output>
          </reporter-output>
        </test-method> <!-- runScenario -->
        <test-method is-config="true" signature="tearDownClass()[pri:0, instance:com.emt.runners.TestRunner@452e19ca]" started-at="2025-09-01T15:26:24 IST" name="tearDownClass" finished-at="2025-09-01T15:26:36 IST" duration-ms="11650" status="PASS">
          <reporter-output>
          </reporter-output>
        </test-method> <!-- tearDownClass -->
      </class> <!-- com.emt.runners.TestRunner -->
    </test> <!-- Edge -->
    <test started-at="2025-09-01T15:26:36 IST" name="Chrome" finished-at="2025-09-01T15:26:42 IST" duration-ms="5989">
      <class name="com.emt.runners.TestRunner">
        <test-method is-config="true" signature="cleanReports()[pri:0, instance:com.emt.runners.TestRunner@4ea5b703]" started-at="2025-09-01T15:22:19 IST" name="cleanReports" finished-at="2025-09-01T15:22:19 IST" duration-ms="52" status="PASS">
          <reporter-output>
          </reporter-output>
        </test-method> <!-- cleanReports -->
        <test-method is-config="true" signature="setUpClass(org.testng.ITestContext)[pri:0, instance:com.emt.runners.TestRunner@4ea5b703]" started-at="2025-09-01T15:26:36 IST" name="setUpClass" finished-at="2025-09-01T15:26:42 IST" duration-ms="5908" status="FAIL">
          <params>
            <param index="0">
              <value>
                <![CDATA[org.testng.TestRunner@7d0e43d6]]>
              </value>
            </param>
          </params>
          <exception class="org.openqa.selenium.SessionNotCreatedException">
            <message>
              <![CDATA[Could not start a new session. Response code 500. Message: session not created: probably user data directory is already in use, please specify a unique value for --user-data-dir argument, or don't use --user-data-dir 
Host info: host: 'LTIN654292', ip: '10.202.103.226'
Build info: version: '4.32.0', revision: 'd17c8aa950'
System info: os.name: 'Windows 11', os.arch: 'amd64', os.version: '10.0', java.version: '21.0.6'
Driver info: org.openqa.selenium.chrome.ChromeDriver
Command: [null, newSession {capabilities=[Capabilities {browserName: chrome, goog:chromeOptions: {args: [--disable-notifications], binary: C:\Program Files\Google\Chr..., excludeSwitches: [enable-automation], extensions: [], prefs: {profile.default_content_setting_values.notifications: 2}}}]}]]]>
            </message>
            <full-stacktrace>
              <![CDATA[org.openqa.selenium.SessionNotCreatedException: Could not start a new session. Response code 500. Message: session not created: probably user data directory is already in use, please specify a unique value for --user-data-dir argument, or don't use --user-data-dir 
Host info: host: 'LTIN654292', ip: '10.202.103.226'
Build info: version: '4.32.0', revision: 'd17c8aa950'
System info: os.name: 'Windows 11', os.arch: 'amd64', os.version: '10.0', java.version: '21.0.6'
Driver info: org.openqa.selenium.chrome.ChromeDriver
Command: [null, newSession {capabilities=[Capabilities {browserName: chrome, goog:chromeOptions: {args: [--disable-notifications], binary: C:\Program Files\Google\Chr..., excludeSwitches: [enable-automation], extensions: [], prefs: {profile.default_content_setting_values.notifications: 2}}}]}]
at org.openqa.selenium.remote.ProtocolHandshake.createSession(ProtocolHandshake.java:114)
at org.openqa.selenium.remote.ProtocolHandshake.createSession(ProtocolHandshake.java:75)
at org.openqa.selenium.remote.ProtocolHandshake.createSession(ProtocolHandshake.java:61)
at org.openqa.selenium.remote.HttpCommandExecutor.execute(HttpCommandExecutor.java:187)
at org.openqa.selenium.remote.service.DriverCommandExecutor.invokeExecute(DriverCommandExecutor.java:216)
at org.openqa.selenium.remote.service.DriverCommandExecutor.execute(DriverCommandExecutor.java:174)
at org.openqa.selenium.remote.RemoteWebDriver.execute(RemoteWebDriver.java:545)
at org.openqa.selenium.remote.RemoteWebDriver.startSession(RemoteWebDriver.java:245)
at org.openqa.selenium.remote.RemoteWebDriver.<init>(RemoteWebDriver.java:174)
at org.openqa.selenium.chromium.ChromiumDriver.<init>(ChromiumDriver.java:110)
at org.openqa.selenium.chrome.ChromeDriver.<init>(ChromeDriver.java:88)
at org.openqa.selenium.chrome.ChromeDriver.<init>(ChromeDriver.java:83)
at org.openqa.selenium.chrome.ChromeDriver.<init>(ChromeDriver.java:72)
at com.emt.utils.DriverSetup.intializeWebDriver(DriverSetup.java:101)
at com.emt.hooks.Hooks.setup(Hooks.java:54)
]]>
            </full-stacktrace>
          </exception> <!-- org.openqa.selenium.SessionNotCreatedException -->
          <reporter-output>
          </reporter-output>
        </test-method> <!-- setUpClass -->
        <test-method is-config="true" signature="tearDownClass()[pri:0, instance:com.emt.runners.TestRunner@4ea5b703]" started-at="2025-09-01T15:26:42 IST" name="tearDownClass" finished-at="2025-09-01T15:26:42 IST" duration-ms="2" status="PASS">
          <reporter-output>
          </reporter-output>
        </test-method> <!-- tearDownClass -->
        <test-method is-config="true" signature="afterSuite()[pri:0, instance:com.emt.runners.TestRunner@4ea5b703]" started-at="2025-09-01T15:26:42 IST" name="afterSuite" finished-at="2025-09-01T15:26:42 IST" duration-ms="17" status="PASS">
          <reporter-output>
          </reporter-output>
        </test-method> <!-- afterSuite -->
      </class> <!-- com.emt.runners.TestRunner -->
    </test> <!-- Chrome -->
  </suite> <!-- Suite -->
</testng-results>
