<?xml version="1.0" encoding="UTF-8"?>
<!-- Generated by org.testng.reporters.JUnitReportReporter -->
<testsuite hostname="LTIN654292" failures="0" tests="12" name="testRunner.TestRun" time="126.753" errors="1" timestamp="2025-08-21T16:04:02 IST" skipped="0">
  <testcase classname="testRunner.TestRun" name="runScenario" time="11.067"/>
  <testcase classname="testRunner.TestRun" name="runScenario" time="9.110"/>
  <testcase classname="testRunner.TestRun" name="runScenario" time="10.210"/>
  <testcase classname="testRunner.TestRun" name="runScenario" time="11.429"/>
  <testcase classname="testRunner.TestRun" name="runScenario" time="8.788"/>
  <testcase classname="testRunner.TestRun" name="runScenario" time="8.762"/>
  <testcase classname="testRunner.TestRun" name="runScenario" time="19.601"/>
  <testcase classname="testRunner.TestRun" name="runScenario" time="9.380"/>
  <testcase classname="testRunner.TestRun" name="runScenario" time="7.703"/>
  <testcase classname="testRunner.TestRun" name="runScenario" time="23.593"/>
  <testcase classname="testRunner.TestRun" name="setUpClass" time="3.817">
    <error message="Could not start a new session. Response code 500. Message: session not created: probably user data directory is already in use, please specify a unique value for --user-data-dir argument, or don&#039;t use --user-data-dir 
Host info: host: &#039;LTIN654292&#039;, ip: &#039;10.202.103.226&#039;
Build info: version: &#039;4.32.0&#039;, revision: &#039;d17c8aa950&#039;
System info: os.name: &#039;Windows 11&#039;, os.arch: &#039;amd64&#039;, os.version: &#039;10.0&#039;, java.version: &#039;21.0.6&#039;
Driver info: org.openqa.selenium.chrome.ChromeDriver
Command: [null, newSession {capabilities=[Capabilities {browserName: chrome, goog:chromeOptions: {args: [--disable-notifications], binary: C:\Program Files\Google\Chr..., excludeSwitches: [enable-automation], extensions: [], prefs: {profile.default_content_setting_values.notifications: 2}}}]}]" type="org.openqa.selenium.SessionNotCreatedException">
      <![CDATA[org.openqa.selenium.SessionNotCreatedException: Could not start a new session. Response code 500. Message: session not created: probably user data directory is already in use, please specify a unique value for --user-data-dir argument, or don't use --user-data-dir 
Host info: host: 'LTIN654292', ip: '10.202.103.226'
Build info: version: '4.32.0', revision: 'd17c8aa950'
System info: os.name: 'Windows 11', os.arch: 'amd64', os.version: '10.0', java.version: '21.0.6'
Driver info: org.openqa.selenium.chrome.ChromeDriver
Command: [null, newSession {capabilities=[Capabilities {browserName: chrome, goog:chromeOptions: {args: [--disable-notifications], binary: C:\Program Files\Google\Chr..., excludeSwitches: [enable-automation], extensions: [], prefs: {profile.default_content_setting_values.notifications: 2}}}]}]
at org.openqa.selenium.remote.ProtocolHandshake.createSession(ProtocolHandshake.java:114)
at org.openqa.selenium.remote.ProtocolHandshake.createSession(ProtocolHandshake.java:75)
at org.openqa.selenium.remote.ProtocolHandshake.createSession(ProtocolHandshake.java:61)
at org.openqa.selenium.remote.HttpCommandExecutor.execute(HttpCommandExecutor.java:187)
at org.openqa.selenium.remote.service.DriverCommandExecutor.invokeExecute(DriverCommandExecutor.java:216)
at org.openqa.selenium.remote.service.DriverCommandExecutor.execute(DriverCommandExecutor.java:174)
at org.openqa.selenium.remote.RemoteWebDriver.execute(RemoteWebDriver.java:545)
at org.openqa.selenium.remote.RemoteWebDriver.startSession(RemoteWebDriver.java:245)
at org.openqa.selenium.remote.RemoteWebDriver.<init>(RemoteWebDriver.java:174)
at org.openqa.selenium.chromium.ChromiumDriver.<init>(ChromiumDriver.java:110)
at org.openqa.selenium.chrome.ChromeDriver.<init>(ChromeDriver.java:88)
at org.openqa.selenium.chrome.ChromeDriver.<init>(ChromeDriver.java:83)
at org.openqa.selenium.chrome.ChromeDriver.<init>(ChromeDriver.java:72)
at utilities.DriverSetup.intializeWebDriver(DriverSetup.java:101)
at hooks.Hook.setup(Hook.java:54)
]]>
    </error>
  </testcase> <!-- setUpClass -->
  <testcase classname="testRunner.TestRun" name="runScenario" time="3.293"/>
</testsuite> <!-- testRunner.TestRun -->
